<?xml version="1.0" encoding="UTF-8"?>
<!-- Generated by org.testng.reporters.JUnitReportReporter -->
<testsuite hostname="LAPTOP-PKGUR2EJ" failures="0" tests="2" name="fb1.Create_NewAccount_Test" time="2.316" errors="0" timestamp="2021-12-16T10:23:08 PST" skipped="0">
  <testcase classname="fb1.Create_NewAccount_Test" name="Create_New_Account" time="0.910"/>
  <system-out/>
  <testcase classname="fb1.Create_NewAccount_Test" name="Signup" time="1.406"/>
  <system-out/>
</testsuite> <!-- fb1.Create_NewAccount_Test -->
