<?xml version="1.0" encoding="UTF-8"?>
<!-- Generated by org.testng.reporters.JUnitReportReporter -->
<testsuite hostname="LAPTOP-PKGUR2EJ" failures="0" tests="3" name="fb1.Fb_LoginPage_Test" time="5.535" errors="0" timestamp="2021-12-16T15:41:48 PST" skipped="0">
  <testcase classname="fb1.Fb_LoginPage_Test" name="forgot_Link" time="0.104"/>
  <system-out/>
  <testcase classname="fb1.Fb_LoginPage_Test" name="Page_titleTest" time="0.180"/>
  <system-out/>
  <testcase classname="fb1.Fb_LoginPage_Test" name="login" time="5.251"/>
  <system-out/>
</testsuite> <!-- fb1.Fb_LoginPage_Test -->
