<?xml version="1.0" encoding="UTF-8"?>
<!-- Generated by org.testng.reporters.JUnitReportReporter -->
<testsuite hostname="LAPTOP-PKGUR2EJ" failures="0" tests="6" name="tests.ProductInfoTest" time="0.000" errors="0" timestamp="30 Nov. 2021 02:31:19 GMT" skipped="6">
  <testcase classname="tests.ProductInfoTest" name="productCountTest" time="0.000">
    <skipped/>
  </testcase> <!-- productCountTest -->
  <testcase classname="tests.ProductInfoTest" name="productCountTest" time="0.000">
    <skipped/>
  </testcase> <!-- productCountTest -->
  <testcase classname="tests.ProductInfoTest" name="productCountTest" time="0.000">
    <skipped/>
  </testcase> <!-- productCountTest -->
  <testcase classname="tests.ProductInfoTest" name="productImagesTest">
    <skipped/>
  </testcase> <!-- productImagesTest -->
  <testcase classname="tests.ProductInfoTest" name="productInfoHeaderTest">
    <skipped/>
  </testcase> <!-- productInfoHeaderTest -->
  <testcase classname="tests.ProductInfoTest" name="getProductInfoTest">
    <skipped/>
  </testcase> <!-- getProductInfoTest -->
</testsuite> <!-- tests.ProductInfoTest -->
