<?xml version="1.0" encoding="UTF-8"?>
<!-- Generated by org.testng.reporters.JUnitReportReporter -->
<testsuite hostname="LAPTOP-PKGUR2EJ" failures="0" tests="3" name="tests.CommonFeaturesTest" time="0.000" errors="0" timestamp="30 Nov. 2021 02:31:19 GMT" skipped="3">
  <testcase classname="tests.CommonFeaturesTest" name="parentMenuTest" time="0.000">
    <skipped/>
  </testcase> <!-- parentMenuTest -->
  <testcase classname="tests.CommonFeaturesTest" name="selectMonitorsTest" time="0.000">
    <skipped/>
  </testcase> <!-- selectMonitorsTest -->
  <testcase classname="tests.CommonFeaturesTest" name="selectMonitorsTest" time="0.000">
    <skipped/>
  </testcase> <!-- selectMonitorsTest -->
</testsuite> <!-- tests.CommonFeaturesTest -->
