<?xml version="1.0" encoding="UTF-8"?>
<!-- Generated by org.testng.reporters.JUnitReportReporter -->
<testsuite hostname="LAPTOP-PKGUR2EJ" failures="0" tests="4" name="BaseTest.baseTest_SinglePageTest" time="5.349" errors="0" timestamp="10 Dec. 2021 07:09:52 GMT" skipped="0">
  <testcase classname="BaseTest.baseTest_SinglePageTest" name="pagetitleTest" time="0.233"/>
  <testcase classname="BaseTest.baseTest_SinglePageTest" name="Login" time="4.426"/>
  <testcase classname="BaseTest.baseTest_SinglePageTest" name="forgotp_wLink" time="0.113"/>
  <testcase classname="BaseTest.baseTest_SinglePageTest" name="clickonForgotp_wLink" time="0.577"/>
</testsuite> <!-- BaseTest.baseTest_SinglePageTest -->
