<?xml version="1.0" encoding="UTF-8"?>
<!-- Generated by org.testng.reporters.JUnitReportReporter -->
<testsuite hostname="LAPTOP-PKGUR2EJ" failures="0" tests="4" name="Pages_Test.Product_PageTest" time="0.374" errors="0" timestamp="21 Dec. 2021 17:56:33 GMT" skipped="0">
  <testcase classname="Pages_Test.Product_PageTest" name="Product_PageUrl_Test" time="0.135"/>
  <testcase classname="Pages_Test.Product_PageTest" name="headerTest" time="0.031"/>
  <testcase classname="Pages_Test.Product_PageTest" name="imgTest" time="0.131"/>
  <testcase classname="Pages_Test.Product_PageTest" name="Add_to_Cart_Test" time="0.077"/>
</testsuite> <!-- Pages_Test.Product_PageTest -->
