<?xml version="1.0" encoding="UTF-8"?>
<!-- Generated by org.testng.reporters.JUnitReportReporter -->
<testsuite hostname="LAPTOP-PKGUR2EJ" failures="0" tests="2" name="Pages_Test.Product_Result_Page_Test" time="0.160" errors="0" timestamp="21 Dec. 2021 05:40:03 GMT" skipped="0">
  <testcase classname="Pages_Test.Product_Result_Page_Test" name="productresultPage_url_Test" time="0.011"/>
  <testcase classname="Pages_Test.Product_Result_Page_Test" name="getTitle_Test" time="0.149"/>
</testsuite> <!-- Pages_Test.Product_Result_Page_Test -->
