<?xml version="1.0" encoding="UTF-8"?>
<!-- Generated by org.testng.reporters.JUnitReportReporter -->
<testsuite hostname="LAPTOP-PKGUR2EJ" failures="0" tests="3" name="Pages_Test.LoginPage_Test" time="0.444" errors="0" timestamp="22 Dec. 2021 07:01:50 GMT" skipped="0">
  <testcase classname="Pages_Test.LoginPage_Test" name="ProductPage_get" time="0.419"/>
  <testcase classname="Pages_Test.LoginPage_Test" name="titleTest" time="0.014"/>
  <testcase classname="Pages_Test.LoginPage_Test" name="loginpageurl" time="0.011"/>
</testsuite> <!-- Pages_Test.LoginPage_Test -->
